2026-06-12T02:11:03.095333 | WECOM | SUCCESS | - | ⚠ 消防通道占用 告警ID:1 | 企业微信消息发送成功
2026-06-12T02:11:02.830177 | ID:1 | fire_exit | ⚠ 消防通道占用
2026-06-12T02:11:03.362927 | WECOM | SUCCESS | - | ⚠ 消防通道停车 告警ID:2 | 企业微信消息发送成功
2026-06-12T02:11:03.095496 | ID:2 | fire_exit_parking | ⚠ 消防通道停车
2026-06-12T02:36:13.165944 | WECOM | SUCCESS | - | ⚠ 楼道停放电动车 告警ID:5 | 企业微信消息发送成功
2026-06-12T02:36:12.895696 | ID:5 | corridor_parking | ⚠ 楼道停放电动车
2026-06-12T02:36:18.415464 | WECOM | SUCCESS | - | ⚠ 楼道区域异常 告警ID:3 | 企业微信消息发送成功
2026-06-12T02:36:18.170390 | ID:3 | corridor | ⚠ 楼道区域异常
2026-06-12T02:36:18.648257 | WECOM | SUCCESS | - | ⚠ 楼道区域异常 告警ID:4 | 企业微信消息发送成功
2026-06-12T02:36:18.415614 | ID:4 | corridor | ⚠ 楼道区域异常
2026-06-12T02:36:26.906582 | WECOM | SUCCESS | - | ⚠ 楼道停放电动车 告警ID:8 | 企业微信消息发送成功
2026-06-12T02:36:26.657906 | ID:8 | corridor_parking | ⚠ 楼道停放电动车
2026-06-12T02:36:31.147460 | WECOM | SUCCESS | - | ⚠ 楼道区域异常 告警ID:6 | 企业微信消息发送成功
2026-06-12T02:36:30.910044 | ID:6 | corridor | ⚠ 楼道区域异常
2026-06-12T02:36:32.391954 | WECOM | SUCCESS | - | ⚠ 楼道区域异常 告警ID:7 | 企业微信消息发送成功
2026-06-12T02:36:32.147962 | ID:7 | corridor | ⚠ 楼道区域异常
2026-06-12T02:36:40.695853 | WECOM | SUCCESS | - | ⚠ 楼道停放电动车 告警ID:11 | 企业微信消息发送成功
2026-06-12T02:36:40.459045 | ID:11 | corridor_parking | ⚠ 楼道停放电动车
2026-06-12T02:37:45.985238 | WECOM | SUCCESS | - | ⚠ 楼道停放电动车 告警ID:5 | 企业微信消息发送成功
2026-06-12T02:37:45.737443 | ID:5 | corridor_parking | ⚠ 楼道停放电动车
2026-06-12T02:37:48.255966 | WECOM | SUCCESS | - | ⚠ 楼道区域异常 告警ID:1 | 企业微信消息发送成功
2026-06-12T02:37:47.986614 | ID:1 | corridor | ⚠ 楼道区域异常
2026-06-12T02:37:48.500478 | WECOM | SUCCESS | - | ⚠ 楼道区域异常 告警ID:2 | 企业微信消息发送成功
2026-06-12T02:37:48.256116 | ID:2 | corridor | ⚠ 楼道区域异常
2026-06-12T02:37:49.738888 | WECOM | SUCCESS | - | ⚠ 楼道区域异常 告警ID:3 | 企业微信消息发送成功
2026-06-12T02:37:49.520534 | ID:3 | corridor | ⚠ 楼道区域异常
2026-06-12T02:37:49.965844 | WECOM | SUCCESS | - | ⚠ 楼道区域异常 告警ID:4 | 企业微信消息发送成功
2026-06-12T02:37:49.739010 | ID:4 | corridor | ⚠ 楼道区域异常
2026-06-12T02:37:59.213285 | WECOM | SUCCESS | - | ⚠ 楼道区域异常 告警ID:6 | 企业微信消息发送成功
2026-06-12T02:37:58.983754 | ID:6 | corridor | ⚠ 楼道区域异常
2026-06-12T02:37:59.451970 | WECOM | SUCCESS | - | ⚠ 楼道区域异常 告警ID:7 | 企业微信消息发送成功
2026-06-12T02:37:59.213409 | ID:7 | corridor | ⚠ 楼道区域异常
2026-06-12T02:38:07.697240 | WECOM | SUCCESS | - | ⚠ 楼道停放电动车 告警ID:10 | 企业微信消息发送成功
2026-06-12T02:38:07.457157 | ID:10 | corridor_parking | ⚠ 楼道停放电动车
2026-06-12T02:38:12.958780 | WECOM | SUCCESS | - | ⚠ 楼道区域异常 告警ID:8 | 企业微信消息发送成功
2026-06-12T02:38:12.701853 | ID:8 | corridor | ⚠ 楼道区域异常
2026-06-12T02:38:13.182810 | WECOM | SUCCESS | - | ⚠ 楼道区域异常 告警ID:9 | 企业微信消息发送成功
2026-06-12T02:38:12.958920 | ID:9 | corridor | ⚠ 楼道区域异常
2026-06-12T02:38:21.446347 | WECOM | SUCCESS | - | ⚠ 楼道停放电动车 告警ID:13 | 企业微信消息发送成功
2026-06-12T02:38:21.193779 | ID:13 | corridor_parking | ⚠ 楼道停放电动车
2026-06-12T02:38:26.680155 | WECOM | SUCCESS | - | ⚠ 楼道区域异常 告警ID:11 | 企业微信消息发送成功
2026-06-12T02:38:26.451118 | ID:11 | corridor | ⚠ 楼道区域异常
2026-06-12T02:38:26.898184 | WECOM | SUCCESS | - | ⚠ 楼道区域异常 告警ID:12 | 企业微信消息发送成功
2026-06-12T02:38:26.680430 | ID:12 | corridor | ⚠ 楼道区域异常
2026-06-12T02:38:35.158174 | WECOM | SUCCESS | - | ⚠ 楼道停放电动车 告警ID:16 | 企业微信消息发送成功
2026-06-12T02:38:34.905697 | ID:16 | corridor_parking | ⚠ 楼道停放电动车
2026-06-12T02:38:40.424248 | WECOM | SUCCESS | - | ⚠ 楼道区域异常 告警ID:14 | 企业微信消息发送成功
2026-06-12T02:38:40.185189 | ID:14 | corridor | ⚠ 楼道区域异常
2026-06-12T02:38:40.668227 | WECOM | SUCCESS | - | ⚠ 楼道区域异常 告警ID:15 | 企业微信消息发送成功
2026-06-12T02:38:40.424585 | ID:15 | corridor | ⚠ 楼道区域异常
2026-06-12T02:38:48.958698 | WECOM | SUCCESS | - | ⚠ 楼道停放电动车 告警ID:19 | 企业微信消息发送成功
2026-06-12T02:38:48.709796 | ID:19 | corridor_parking | ⚠ 楼道停放电动车
2026-06-12T02:38:54.222027 | WECOM | SUCCESS | - | ⚠ 楼道区域异常 告警ID:17 | 企业微信消息发送成功
2026-06-12T02:38:53.963968 | ID:17 | corridor | ⚠ 楼道区域异常
2026-06-12T02:38:54.472882 | WECOM | SUCCESS | - | ⚠ 楼道区域异常 告警ID:18 | 企业微信消息发送成功
2026-06-12T02:38:54.222253 | ID:18 | corridor | ⚠ 楼道区域异常
2026-06-12T02:39:04.732305 | WECOM | SUCCESS | - | ⚠ 楼道区域异常 告警ID:20 | 企业微信消息发送成功
2026-06-12T02:39:04.491857 | ID:20 | corridor | ⚠ 楼道区域异常
2026-06-12T02:39:04.965754 | WECOM | SUCCESS | - | ⚠ 楼道区域异常 告警ID:21 | 企业微信消息发送成功
2026-06-12T02:39:04.732632 | ID:21 | corridor | ⚠ 楼道区域异常
2026-06-12T02:39:06.197903 | WECOM | SUCCESS | - | ⚠ 楼道停放电动车 告警ID:22 | 企业微信消息发送成功
2026-06-12T02:39:05.966080 | ID:22 | corridor_parking | ⚠ 楼道停放电动车
2026-06-12T02:39:16.451180 | WECOM | SUCCESS | - | ⚠ 楼道区域异常 告警ID:23 | 企业微信消息发送成功
2026-06-12T02:39:16.210463 | ID:23 | corridor | ⚠ 楼道区域异常
2026-06-12T02:39:16.687130 | WECOM | SUCCESS | - | ⚠ 楼道区域异常 告警ID:24 | 企业微信消息发送成功
2026-06-12T02:39:16.451486 | ID:24 | corridor | ⚠ 楼道区域异常
2026-06-12T02:39:18.910088 | WECOM | SUCCESS | - | ⚠ 楼道停放电动车 告警ID:25 | 企业微信消息发送成功
2026-06-12T02:39:18.688723 | ID:25 | corridor_parking | ⚠ 楼道停放电动车
2026-06-12T02:39:30.176494 | WECOM | SUCCESS | - | ⚠ 楼道区域异常 告警ID:26 | 企业微信消息发送成功
2026-06-12T02:39:29.918383 | ID:26 | corridor | ⚠ 楼道区域异常
2026-06-12T02:39:30.426313 | WECOM | SUCCESS | - | ⚠ 楼道区域异常 告警ID:27 | 企业微信消息发送成功
2026-06-12T02:39:30.176681 | ID:27 | corridor | ⚠ 楼道区域异常
2026-06-12T02:39:32.662515 | WECOM | SUCCESS | - | ⚠ 楼道停放电动车 告警ID:28 | 企业微信消息发送成功
2026-06-12T02:39:32.428841 | ID:28 | corridor_parking | ⚠ 楼道停放电动车
2026-06-12T02:39:43.952318 | WECOM | SUCCESS | - | ⚠ 楼道区域异常 告警ID:29 | 企业微信消息发送成功
2026-06-12T02:39:43.692305 | ID:29 | corridor | ⚠ 楼道区域异常
2026-06-12T02:39:44.202613 | WECOM | SUCCESS | - | ⚠ 楼道区域异常 告警ID:30 | 企业微信消息发送成功
2026-06-12T02:39:43.952454 | ID:30 | corridor | ⚠ 楼道区域异常
2026-06-12T02:39:46.463913 | WECOM | SUCCESS | - | ⚠ 楼道停放电动车 告警ID:31 | 企业微信消息发送成功
2026-06-12T02:39:46.218506 | ID:31 | corridor_parking | ⚠ 楼道停放电动车
2026-06-12T02:39:57.723137 | WECOM | SUCCESS | - | ⚠ 楼道区域异常 告警ID:32 | 企业微信消息发送成功
2026-06-12T02:39:57.492472 | ID:32 | corridor | ⚠ 楼道区域异常
2026-06-12T02:39:57.953520 | WECOM | SUCCESS | - | ⚠ 楼道区域异常 告警ID:33 | 企业微信消息发送成功
2026-06-12T02:39:57.723292 | ID:33 | corridor | ⚠ 楼道区域异常
2026-06-12T02:40:02.213566 | WECOM | SUCCESS | - | ⚠ 楼道停放电动车 告警ID:34 | 企业微信消息发送成功
2026-06-12T02:40:01.958625 | ID:34 | corridor_parking | ⚠ 楼道停放电动车
2026-06-12T02:40:08.464082 | WECOM | SUCCESS | - | ⚠ 楼道区域异常 告警ID:35 | 企业微信消息发送成功
2026-06-12T02:40:08.217531 | ID:35 | corridor | ⚠ 楼道区域异常
2026-06-12T02:40:08.691421 | WECOM | SUCCESS | - | ⚠ 楼道区域异常 告警ID:36 | 企业微信消息发送成功
2026-06-12T02:40:08.464246 | ID:36 | corridor | ⚠ 楼道区域异常
2026-06-12T02:40:15.949982 | WECOM | SUCCESS | - | ⚠ 楼道停放电动车 告警ID:39 | 企业微信消息发送成功
2026-06-12T02:40:15.708271 | ID:39 | corridor_parking | ⚠ 楼道停放电动车
2026-06-12T02:40:20.200210 | WECOM | SUCCESS | - | ⚠ 楼道区域异常 告警ID:37 | 企业微信消息发送成功
2026-06-12T02:40:19.954371 | ID:37 | corridor | ⚠ 楼道区域异常
2026-06-12T02:40:21.436448 | WECOM | SUCCESS | - | ⚠ 楼道区域异常 告警ID:38 | 企业微信消息发送成功
2026-06-12T02:40:21.202360 | ID:38 | corridor | ⚠ 楼道区域异常
2026-06-12T02:40:29.682233 | WECOM | SUCCESS | - | ⚠ 楼道停放电动车 告警ID:42 | 企业微信消息发送成功
2026-06-12T02:40:29.444521 | ID:42 | corridor_parking | ⚠ 楼道停放电动车
2026-06-12T02:40:33.921646 | WECOM | SUCCESS | - | ⚠ 楼道区域异常 告警ID:40 | 企业微信消息发送成功
2026-06-12T02:40:33.691517 | ID:40 | corridor | ⚠ 楼道区域异常
2026-06-12T02:40:34.170481 | WECOM | SUCCESS | - | ⚠ 楼道区域异常 告警ID:41 | 企业微信消息发送成功
2026-06-12T02:40:33.921981 | ID:41 | corridor | ⚠ 楼道区域异常
2026-06-12T02:40:42.380560 | WECOM | SUCCESS | - | ⚠ 楼道停放电动车 告警ID:45 | 企业微信消息发送成功
2026-06-12T02:40:42.177056 | ID:45 | corridor_parking | ⚠ 楼道停放电动车
2026-06-12T02:40:47.628663 | WECOM | SUCCESS | - | ⚠ 楼道区域异常 告警ID:43 | 企业微信消息发送成功
2026-06-12T02:40:47.398748 | ID:43 | corridor | ⚠ 楼道区域异常
2026-06-12T02:40:47.856339 | WECOM | SUCCESS | - | ⚠ 楼道区域异常 告警ID:44 | 企业微信消息发送成功
2026-06-12T02:40:47.628989 | ID:44 | corridor | ⚠ 楼道区域异常
2026-06-12T02:40:57.105101 | WECOM | SUCCESS | - | ⚠ 楼道停放电动车 告警ID:48 | 企业微信消息发送成功
2026-06-12T02:40:56.876000 | ID:48 | corridor_parking | ⚠ 楼道停放电动车
2026-06-12T02:41:01.403565 | WECOM | SUCCESS | - | ⚠ 楼道区域异常 告警ID:46 | 企业微信消息发送成功
2026-06-12T02:41:01.108951 | ID:46 | corridor | ⚠ 楼道区域异常
2026-06-12T02:41:01.639937 | WECOM | SUCCESS | - | ⚠ 楼道区域异常 告警ID:47 | 企业微信消息发送成功
2026-06-12T02:41:01.403757 | ID:47 | corridor | ⚠ 楼道区域异常
2026-06-12T02:41:11.878732 | WECOM | SUCCESS | - | ⚠ 楼道区域异常 告警ID:49 | 企业微信消息发送成功
2026-06-12T02:41:11.654806 | ID:49 | corridor | ⚠ 楼道区域异常
2026-06-12T02:41:13.125912 | WECOM | SUCCESS | - | ⚠ 楼道区域异常 告警ID:50 | 企业微信消息发送成功
2026-06-12T02:41:12.880881 | ID:50 | corridor | ⚠ 楼道区域异常
2026-06-12T02:41:13.384608 | WECOM | SUCCESS | - | ⚠ 楼道停放电动车 告警ID:51 | 企业微信消息发送成功
2026-06-12T02:41:13.126042 | ID:51 | corridor_parking | ⚠ 楼道停放电动车
2026-06-12T02:41:23.629654 | WECOM | SUCCESS | - | ⚠ 楼道区域异常 告警ID:52 | 企业微信消息发送成功
2026-06-12T02:41:23.399489 | ID:52 | corridor | ⚠ 楼道区域异常
2026-06-12T02:41:24.865493 | WECOM | SUCCESS | - | ⚠ 楼道区域异常 告警ID:53 | 企业微信消息发送成功
2026-06-12T02:41:24.630662 | ID:53 | corridor | ⚠ 楼道区域异常
2026-06-12T02:41:26.131097 | WECOM | SUCCESS | - | ⚠ 楼道停放电动车 告警ID:54 | 企业微信消息发送成功
2026-06-12T02:41:25.866242 | ID:54 | corridor_parking | ⚠ 楼道停放电动车
2026-06-12T02:41:37.387202 | WECOM | SUCCESS | - | ⚠ 楼道区域异常 告警ID:55 | 企业微信消息发送成功
2026-06-12T02:41:37.159924 | ID:55 | corridor | ⚠ 楼道区域异常
2026-06-12T02:41:38.603072 | WECOM | SUCCESS | - | ⚠ 楼道区域异常 告警ID:56 | 企业微信消息发送成功
2026-06-12T02:41:38.388539 | ID:56 | corridor | ⚠ 楼道区域异常
2026-06-12T02:41:39.835836 | WECOM | SUCCESS | - | ⚠ 楼道停放电动车 告警ID:57 | 企业微信消息发送成功
2026-06-12T02:41:39.604192 | ID:57 | corridor_parking | ⚠ 楼道停放电动车
2026-06-12T02:41:51.124221 | WECOM | SUCCESS | - | ⚠ 楼道区域异常 告警ID:58 | 企业微信消息发送成功
2026-06-12T02:41:50.857085 | ID:58 | corridor | ⚠ 楼道区域异常
2026-06-12T02:41:51.355001 | WECOM | SUCCESS | - | ⚠ 楼道区域异常 告警ID:59 | 企业微信消息发送成功
2026-06-12T02:41:51.124341 | ID:59 | corridor | ⚠ 楼道区域异常
2026-06-12T02:41:53.607400 | WECOM | SUCCESS | - | ⚠ 楼道停放电动车 告警ID:60 | 企业微信消息发送成功
2026-06-12T02:41:53.376137 | ID:60 | corridor_parking | ⚠ 楼道停放电动车
2026-06-12T02:42:04.874597 | WECOM | SUCCESS | - | ⚠ 楼道区域异常 告警ID:61 | 企业微信消息发送成功
2026-06-12T02:42:04.636839 | ID:61 | corridor | ⚠ 楼道区域异常
2026-06-12T02:42:06.125970 | WECOM | SUCCESS | - | ⚠ 楼道区域异常 告警ID:62 | 企业微信消息发送成功
2026-06-12T02:42:05.875771 | ID:62 | corridor | ⚠ 楼道区域异常
2026-06-12T02:42:09.414877 | WECOM | SUCCESS | - | ⚠ 楼道停放电动车 告警ID:63 | 企业微信消息发送成功
2026-06-12T02:42:09.129816 | ID:63 | corridor_parking | ⚠ 楼道停放电动车
2026-06-12T02:42:15.658143 | WECOM | SUCCESS | - | ⚠ 楼道区域异常 告警ID:64 | 企业微信消息发送成功
2026-06-12T02:42:15.419794 | ID:64 | corridor | ⚠ 楼道区域异常
2026-06-12T02:42:16.893995 | WECOM | SUCCESS | - | ⚠ 楼道区域异常 告警ID:65 | 企业微信消息发送成功
2026-06-12T02:42:16.658938 | ID:65 | corridor | ⚠ 楼道区域异常
2026-06-12T02:42:23.142807 | WECOM | SUCCESS | - | ⚠ 楼道停放电动车 告警ID:68 | 企业微信消息发送成功
2026-06-12T02:42:22.904241 | ID:68 | corridor_parking | ⚠ 楼道停放电动车
2026-06-12T02:42:28.382522 | WECOM | SUCCESS | - | ⚠ 楼道区域异常 告警ID:66 | 企业微信消息发送成功
2026-06-12T02:42:28.148125 | ID:66 | corridor | ⚠ 楼道区域异常
2026-06-12T02:42:28.620482 | WECOM | SUCCESS | - | ⚠ 楼道区域异常 告警ID:67 | 企业微信消息发送成功
2026-06-12T02:42:28.382651 | ID:67 | corridor | ⚠ 楼道区域异常
2026-06-12T02:42:36.879355 | WECOM | SUCCESS | - | ⚠ 楼道停放电动车 告警ID:71 | 企业微信消息发送成功
2026-06-12T02:42:36.633558 | ID:71 | corridor_parking | ⚠ 楼道停放电动车
2026-06-12T02:42:41.176914 | WECOM | SUCCESS | - | ⚠ 楼道区域异常 告警ID:69 | 企业微信消息发送成功
2026-06-12T02:42:40.888611 | ID:69 | corridor | ⚠ 楼道区域异常
2026-06-12T02:42:42.426924 | WECOM | SUCCESS | - | ⚠ 楼道区域异常 告警ID:70 | 企业微信消息发送成功
2026-06-12T02:42:42.177327 | ID:70 | corridor | ⚠ 楼道区域异常
2026-06-12T02:42:50.689676 | WECOM | SUCCESS | - | ⚠ 楼道停放电动车 告警ID:74 | 企业微信消息发送成功
2026-06-12T02:42:50.439637 | ID:74 | corridor_parking | ⚠ 楼道停放电动车
2026-06-12T02:42:54.926083 | WECOM | SUCCESS | - | ⚠ 楼道区域异常 告警ID:72 | 企业微信消息发送成功
2026-06-12T02:42:54.695034 | ID:72 | corridor | ⚠ 楼道区域异常
2026-06-12T02:42:55.151634 | WECOM | SUCCESS | - | ⚠ 楼道区域异常 告警ID:73 | 企业微信消息发送成功
2026-06-12T02:42:54.926207 | ID:73 | corridor | ⚠ 楼道区域异常
2026-06-12T02:43:04.448145 | WECOM | SUCCESS | - | ⚠ 楼道停放电动车 告警ID:77 | 企业微信消息发送成功
2026-06-12T02:43:04.201789 | ID:77 | corridor_parking | ⚠ 楼道停放电动车
2026-06-12T02:43:08.704725 | WECOM | SUCCESS | - | ⚠ 楼道区域异常 告警ID:75 | 企业微信消息发送成功
2026-06-12T02:43:08.458657 | ID:75 | corridor | ⚠ 楼道区域异常
2026-06-12T02:43:09.937033 | WECOM | SUCCESS | - | ⚠ 楼道区域异常 告警ID:76 | 企业微信消息发送成功
2026-06-12T02:43:09.705577 | ID:76 | corridor | ⚠ 楼道区域异常
2026-06-12T02:43:19.229702 | WECOM | SUCCESS | - | ⚠ 楼道区域异常 告警ID:78 | 企业微信消息发送成功
2026-06-12T02:43:19.003788 | ID:78 | corridor | ⚠ 楼道区域异常
2026-06-12T02:43:20.472653 | WECOM | SUCCESS | - | ⚠ 楼道区域异常 告警ID:79 | 企业微信消息发送成功
2026-06-12T02:43:20.230580 | ID:79 | corridor | ⚠ 楼道区域异常
2026-06-12T02:43:20.697568 | WECOM | SUCCESS | - | ⚠ 楼道停放电动车 告警ID:80 | 企业微信消息发送成功
2026-06-12T02:43:20.472774 | ID:80 | corridor_parking | ⚠ 楼道停放电动车
2026-06-12T02:43:32.020153 | WECOM | SUCCESS | - | ⚠ 楼道区域异常 告警ID:81 | 企业微信消息发送成功
2026-06-12T02:43:31.783803 | ID:81 | corridor | ⚠ 楼道区域异常
2026-06-12T02:43:32.258959 | WECOM | SUCCESS | - | ⚠ 楼道区域异常 告警ID:82 | 企业微信消息发送成功
2026-06-12T02:43:32.020292 | ID:82 | corridor | ⚠ 楼道区域异常
2026-06-12T02:43:41.530119 | WECOM | SUCCESS | - | ⚠ 楼道区域异常 告警ID:83 | 企业微信消息发送成功
2026-06-12T02:43:41.289188 | ID:83 | corridor | ⚠ 楼道区域异常
2026-06-12T02:43:41.750558 | WECOM | SUCCESS | - | ⚠ 楼道区域异常 告警ID:84 | 企业微信消息发送成功
2026-06-12T02:43:41.530299 | ID:84 | corridor | ⚠ 楼道区域异常
2026-06-12T02:43:41.985475 | WECOM | SUCCESS | - | ⚠ 楼道区域异常 告警ID:85 | 企业微信消息发送成功
2026-06-12T02:43:41.750817 | ID:85 | corridor | ⚠ 楼道区域异常
2026-06-12T02:43:43.216074 | WECOM | SUCCESS | - | ⚠ 楼道区域异常 告警ID:86 | 企业微信消息发送成功
2026-06-12T02:43:42.986446 | ID:86 | corridor | ⚠ 楼道区域异常
2026-06-12T02:43:48.488041 | WECOM | SUCCESS | - | ⚠ 楼道区域异常 告警ID:87 | 企业微信消息发送成功
2026-06-12T02:43:48.256161 | ID:87 | corridor | ⚠ 楼道区域异常
2026-06-12T02:43:48.736215 | WECOM | SUCCESS | - | ⚠ 楼道区域异常 告警ID:88 | 企业微信消息发送成功
2026-06-12T02:43:48.488174 | ID:88 | corridor | ⚠ 楼道区域异常
2026-06-12T02:43:50.014994 | WECOM | SUCCESS | - | ⚠ 楼道区域异常 告警ID:89 | 企业微信消息发送成功
2026-06-12T02:43:49.752125 | ID:89 | corridor | ⚠ 楼道区域异常
2026-06-12T02:43:50.255775 | WECOM | SUCCESS | - | ⚠ 楼道区域异常 告警ID:90 | 企业微信消息发送成功
2026-06-12T02:43:50.015140 | ID:90 | corridor | ⚠ 楼道区域异常
2026-06-12T02:44:06.512563 | WECOM | SUCCESS | - | ⚠ 闯入危险区域 告警ID:91 | 企业微信消息发送成功
2026-06-12T02:44:06.285888 | ID:91 | danger_zone | ⚠ 闯入危险区域
2026-06-12T02:44:06.747523 | WECOM | SUCCESS | - | ⚠ 闯入危险区域 告警ID:92 | 企业微信消息发送成功
2026-06-12T02:44:06.512693 | ID:92 | danger_zone | ⚠ 闯入危险区域
2026-06-12T02:44:19.014480 | WECOM | SUCCESS | - | ⚠ 闯入危险区域 告警ID:93 | 企业微信消息发送成功
2026-06-12T02:44:18.774807 | ID:93 | danger_zone | ⚠ 闯入危险区域
2026-06-12T02:44:19.251837 | WECOM | SUCCESS | - | ⚠ 闯入危险区域 告警ID:94 | 企业微信消息发送成功
2026-06-12T02:44:19.014610 | ID:94 | danger_zone | ⚠ 闯入危险区域
2026-06-12T02:44:32.539366 | WECOM | SUCCESS | - | ⚠ 闯入危险区域 告警ID:95 | 企业微信消息发送成功
2026-06-12T02:44:32.282930 | ID:95 | danger_zone | ⚠ 闯入危险区域
2026-06-12T02:44:32.776825 | WECOM | SUCCESS | - | ⚠ 闯入危险区域 告警ID:96 | 企业微信消息发送成功
2026-06-12T02:44:32.539494 | ID:96 | danger_zone | ⚠ 闯入危险区域
2026-06-12T02:44:46.028813 | WECOM | SUCCESS | - | ⚠ 闯入危险区域 告警ID:97 | 企业微信消息发送成功
2026-06-12T02:44:45.789336 | ID:97 | danger_zone | ⚠ 闯入危险区域
2026-06-12T02:44:46.273731 | WECOM | SUCCESS | - | ⚠ 闯入危险区域 告警ID:98 | 企业微信消息发送成功
2026-06-12T02:44:46.028963 | ID:98 | danger_zone | ⚠ 闯入危险区域
2026-06-12T02:44:59.544916 | WECOM | SUCCESS | - | ⚠ 闯入危险区域 告警ID:99 | 企业微信消息发送成功
2026-06-12T02:44:59.310771 | ID:99 | danger_zone | ⚠ 闯入危险区域
2026-06-12T02:44:59.790444 | WECOM | SUCCESS | - | ⚠ 闯入危险区域 告警ID:100 | 企业微信消息发送成功
2026-06-12T02:44:59.545056 | ID:100 | danger_zone | ⚠ 闯入危险区域
2026-06-12T02:45:15.055644 | WECOM | SUCCESS | - | ⚠ 闯入危险区域 告警ID:101 | 企业微信消息发送成功
2026-06-12T02:45:14.827053 | ID:101 | danger_zone | ⚠ 闯入危险区域
2026-06-12T02:45:16.282499 | WECOM | SUCCESS | - | ⚠ 闯入危险区域 告警ID:102 | 企业微信消息发送成功
2026-06-12T02:45:16.056569 | ID:102 | danger_zone | ⚠ 闯入危险区域
2026-06-12T02:45:28.550645 | WECOM | SUCCESS | - | ⚠ 闯入危险区域 告警ID:103 | 企业微信消息发送成功
2026-06-12T02:45:28.296769 | ID:103 | danger_zone | ⚠ 闯入危险区域
2026-06-12T02:45:28.809588 | WECOM | SUCCESS | - | ⚠ 闯入危险区域 告警ID:104 | 企业微信消息发送成功
2026-06-12T02:45:28.550781 | ID:104 | danger_zone | ⚠ 闯入危险区域
2026-06-12T02:45:41.089623 | WECOM | SUCCESS | - | ⚠ 闯入危险区域 告警ID:105 | 企业微信消息发送成功
2026-06-12T02:45:40.850206 | ID:105 | danger_zone | ⚠ 闯入危险区域
2026-06-12T02:45:41.327927 | WECOM | SUCCESS | - | ⚠ 闯入危险区域 告警ID:106 | 企业微信消息发送成功
2026-06-12T02:45:41.089867 | ID:106 | danger_zone | ⚠ 闯入危险区域
2026-06-12T02:45:54.576846 | WECOM | SUCCESS | - | ⚠ 闯入危险区域 告警ID:107 | 企业微信消息发送成功
2026-06-12T02:45:54.347143 | ID:107 | danger_zone | ⚠ 闯入危险区域
2026-06-12T02:45:54.793552 | WECOM | SUCCESS | - | ⚠ 闯入危险区域 告警ID:108 | 企业微信消息发送成功
2026-06-12T02:45:54.576990 | ID:108 | danger_zone | ⚠ 闯入危险区域
2026-06-12T02:46:08.083399 | WECOM | SUCCESS | - | ⚠ 闯入危险区域 告警ID:109 | 企业微信消息发送成功
2026-06-12T02:46:07.852591 | ID:109 | danger_zone | ⚠ 闯入危险区域
2026-06-12T02:46:09.354323 | WECOM | SUCCESS | - | ⚠ 闯入危险区域 告警ID:110 | 企业微信消息发送成功
2026-06-12T02:46:09.099880 | ID:110 | danger_zone | ⚠ 闯入危险区域
2026-06-12T02:46:24.616493 | WECOM | SUCCESS | - | ⚠ 闯入危险区域 告警ID:111 | 企业微信消息发送成功
2026-06-12T02:46:24.387288 | ID:111 | danger_zone | ⚠ 闯入危险区域
2026-06-12T02:46:24.868681 | WECOM | SUCCESS | - | ⚠ 闯入危险区域 告警ID:112 | 企业微信消息发送成功
2026-06-12T02:46:24.616632 | ID:112 | danger_zone | ⚠ 闯入危险区域
2026-06-12T02:46:37.116449 | WECOM | SUCCESS | - | ⚠ 闯入危险区域 告警ID:113 | 企业微信消息发送成功
2026-06-12T02:46:36.891241 | ID:113 | danger_zone | ⚠ 闯入危险区域
2026-06-12T02:46:37.338900 | WECOM | SUCCESS | - | ⚠ 闯入危险区域 告警ID:114 | 企业微信消息发送成功
2026-06-12T02:46:37.116581 | ID:114 | danger_zone | ⚠ 闯入危险区域
2026-06-12T02:46:50.606039 | WECOM | SUCCESS | - | ⚠ 闯入危险区域 告警ID:115 | 企业微信消息发送成功
2026-06-12T02:46:50.353376 | ID:115 | danger_zone | ⚠ 闯入危险区域
2026-06-12T02:46:50.840098 | WECOM | SUCCESS | - | ⚠ 闯入危险区域 告警ID:116 | 企业微信消息发送成功
2026-06-12T02:46:50.606261 | ID:116 | danger_zone | ⚠ 闯入危险区域
2026-06-12T02:47:03.123181 | WECOM | SUCCESS | - | ⚠ 闯入危险区域 告警ID:117 | 企业微信消息发送成功
2026-06-12T02:47:02.882907 | ID:117 | danger_zone | ⚠ 闯入危险区域
2026-06-12T02:47:04.367310 | WECOM | SUCCESS | - | ⚠ 闯入危险区域 告警ID:118 | 企业微信消息发送成功
2026-06-12T02:47:04.130172 | ID:118 | danger_zone | ⚠ 闯入危险区域
2026-06-12T02:47:17.710296 | WECOM | SUCCESS | - | ⚠ 闯入危险区域 告警ID:119 | 企业微信消息发送成功
2026-06-12T02:47:17.432236 | ID:119 | danger_zone | ⚠ 闯入危险区域
2026-06-12T02:47:17.940566 | WECOM | SUCCESS | - | ⚠ 闯入危险区域 告警ID:120 | 企业微信消息发送成功
2026-06-12T02:47:17.710428 | ID:120 | danger_zone | ⚠ 闯入危险区域
2026-06-12T02:47:33.192328 | WECOM | SUCCESS | - | ⚠ 闯入危险区域 告警ID:121 | 企业微信消息发送成功
2026-06-12T02:47:32.956615 | ID:121 | danger_zone | ⚠ 闯入危险区域
2026-06-12T02:47:33.460521 | WECOM | SUCCESS | - | ⚠ 闯入危险区域 告警ID:122 | 企业微信消息发送成功
2026-06-12T02:47:33.192469 | ID:122 | danger_zone | ⚠ 闯入危险区域
2026-06-12T02:47:46.718172 | WECOM | SUCCESS | - | ⚠ 闯入危险区域 告警ID:123 | 企业微信消息发送成功
2026-06-12T02:47:46.478618 | ID:123 | danger_zone | ⚠ 闯入危险区域
2026-06-12T02:47:46.965908 | WECOM | SUCCESS | - | ⚠ 闯入危险区域 告警ID:124 | 企业微信消息发送成功
2026-06-12T02:47:46.718432 | ID:124 | danger_zone | ⚠ 闯入危险区域
2026-06-12T02:47:59.211844 | WECOM | SUCCESS | - | ⚠ 闯入危险区域 告警ID:125 | 企业微信消息发送成功
2026-06-12T02:47:58.989086 | ID:125 | danger_zone | ⚠ 闯入危险区域
2026-06-12T02:47:59.429095 | WECOM | SUCCESS | - | ⚠ 闯入危险区域 告警ID:126 | 企业微信消息发送成功
2026-06-12T02:47:59.212065 | ID:126 | danger_zone | ⚠ 闯入危险区域
2026-06-12T02:48:12.704198 | WECOM | SUCCESS | - | ⚠ 闯入危险区域 告警ID:127 | 企业微信消息发送成功
2026-06-12T02:48:12.440675 | ID:127 | danger_zone | ⚠ 闯入危险区域
2026-06-12T02:48:12.931274 | WECOM | SUCCESS | - | ⚠ 闯入危险区域 告警ID:128 | 企业微信消息发送成功
2026-06-12T02:48:12.704338 | ID:128 | danger_zone | ⚠ 闯入危险区域
2026-06-12T02:48:26.196917 | WECOM | SUCCESS | - | ⚠ 闯入危险区域 告警ID:129 | 企业微信消息发送成功
2026-06-12T02:48:25.969969 | ID:129 | danger_zone | ⚠ 闯入危险区域
2026-06-12T02:48:26.420604 | WECOM | SUCCESS | - | ⚠ 闯入危险区域 告警ID:130 | 企业微信消息发送成功
2026-06-12T02:48:26.197079 | ID:130 | danger_zone | ⚠ 闯入危险区域
2026-06-12T02:48:42.660677 | WECOM | SUCCESS | - | ⚠ 闯入危险区域 告警ID:131 | 企业微信消息发送成功
2026-06-12T02:48:42.440798 | ID:131 | danger_zone | ⚠ 闯入危险区域
2026-06-12T02:48:42.876608 | WECOM | SUCCESS | - | ⚠ 闯入危险区域 告警ID:132 | 企业微信消息发送成功
2026-06-12T02:48:42.661325 | ID:132 | danger_zone | ⚠ 闯入危险区域
2026-06-12T02:48:55.132744 | WECOM | SUCCESS | - | ⚠ 闯入危险区域 告警ID:133 | 企业微信消息发送成功
2026-06-12T02:48:54.902775 | ID:133 | danger_zone | ⚠ 闯入危险区域
2026-06-12T02:48:55.357632 | WECOM | SUCCESS | - | ⚠ 闯入危险区域 告警ID:134 | 企业微信消息发送成功
2026-06-12T02:48:55.133057 | ID:134 | danger_zone | ⚠ 闯入危险区域
2026-06-12T02:49:07.604110 | WECOM | SUCCESS | - | ⚠ 闯入危险区域 告警ID:135 | 企业微信消息发送成功
2026-06-12T02:49:07.367681 | ID:135 | danger_zone | ⚠ 闯入危险区域
2026-06-12T02:49:08.838668 | WECOM | SUCCESS | - | ⚠ 闯入危险区域 告警ID:136 | 企业微信消息发送成功
2026-06-12T02:49:08.604972 | ID:136 | danger_zone | ⚠ 闯入危险区域
2026-06-12T02:49:21.080041 | WECOM | SUCCESS | - | ⚠ 闯入危险区域 告警ID:137 | 企业微信消息发送成功
2026-06-12T02:49:20.851641 | ID:137 | danger_zone | ⚠ 闯入危险区域
2026-06-12T02:49:21.315729 | WECOM | SUCCESS | - | ⚠ 闯入危险区域 告警ID:138 | 企业微信消息发送成功
2026-06-12T02:49:21.080175 | ID:138 | danger_zone | ⚠ 闯入危险区域
2026-06-12T02:49:35.603026 | WECOM | SUCCESS | - | ⚠ 闯入危险区域 告警ID:139 | 企业微信消息发送成功
2026-06-12T02:49:35.360584 | ID:139 | danger_zone | ⚠ 闯入危险区域
2026-06-12T02:49:35.813502 | WECOM | SUCCESS | - | ⚠ 闯入危险区域 告警ID:140 | 企业微信消息发送成功
2026-06-12T02:49:35.603177 | ID:140 | danger_zone | ⚠ 闯入危险区域
2026-06-12T02:49:51.047634 | WECOM | SUCCESS | - | ⚠ 闯入危险区域 告警ID:141 | 企业微信消息发送成功
2026-06-12T02:49:50.825610 | ID:141 | danger_zone | ⚠ 闯入危险区域
2026-06-12T02:49:51.288795 | WECOM | SUCCESS | - | ⚠ 闯入危险区域 告警ID:142 | 企业微信消息发送成功
2026-06-12T02:49:51.047806 | ID:142 | danger_zone | ⚠ 闯入危险区域
2026-06-12T02:50:03.540797 | WECOM | SUCCESS | - | ⚠ 闯入危险区域 告警ID:143 | 企业微信消息发送成功
2026-06-12T02:50:03.309064 | ID:143 | danger_zone | ⚠ 闯入危险区域
2026-06-12T02:50:04.767141 | WECOM | SUCCESS | - | ⚠ 闯入危险区域 告警ID:144 | 企业微信消息发送成功
2026-06-12T02:50:04.541749 | ID:144 | danger_zone | ⚠ 闯入危险区域
2026-06-12T02:50:17.032179 | WECOM | SUCCESS | - | ⚠ 闯入危险区域 告警ID:145 | 企业微信消息发送成功
2026-06-12T02:50:16.797275 | ID:145 | danger_zone | ⚠ 闯入危险区域
2026-06-12T02:50:17.276707 | WECOM | SUCCESS | - | ⚠ 闯入危险区域 告警ID:146 | 企业微信消息发送成功
2026-06-12T02:50:17.032318 | ID:146 | danger_zone | ⚠ 闯入危险区域
2026-06-12T02:50:30.525930 | WECOM | SUCCESS | - | ⚠ 闯入危险区域 告警ID:147 | 企业微信消息发送成功
2026-06-12T02:50:30.303519 | ID:147 | danger_zone | ⚠ 闯入危险区域
2026-06-12T02:50:30.804118 | WECOM | SUCCESS | - | ⚠ 闯入危险区域 告警ID:148 | 企业微信消息发送成功
2026-06-12T02:50:30.526059 | ID:148 | danger_zone | ⚠ 闯入危险区域
2026-06-12T02:50:44.094001 | WECOM | SUCCESS | - | ⚠ 闯入危险区域 告警ID:149 | 企业微信消息发送成功
2026-06-12T02:50:43.860296 | ID:149 | danger_zone | ⚠ 闯入危险区域
2026-06-12T02:50:44.313448 | WECOM | SUCCESS | - | ⚠ 闯入危险区域 告警ID:150 | 企业微信消息发送成功
2026-06-12T02:50:44.094128 | ID:150 | danger_zone | ⚠ 闯入危险区域
2026-06-12T02:50:59.585951 | WECOM | SUCCESS | - | ⚠ 闯入危险区域 告警ID:151 | 企业微信消息发送成功
2026-06-12T02:50:59.351542 | ID:151 | danger_zone | ⚠ 闯入危险区域
2026-06-12T02:50:59.819741 | WECOM | SUCCESS | - | ⚠ 闯入危险区域 告警ID:152 | 企业微信消息发送成功
2026-06-12T02:50:59.586202 | ID:152 | danger_zone | ⚠ 闯入危险区域
2026-06-12T02:51:13.056085 | WECOM | SUCCESS | - | ⚠ 闯入危险区域 告警ID:153 | 企业微信消息发送成功
2026-06-12T02:51:12.836775 | ID:153 | danger_zone | ⚠ 闯入危险区域
2026-06-12T02:51:13.287516 | WECOM | SUCCESS | - | ⚠ 闯入危险区域 告警ID:154 | 企业微信消息发送成功
2026-06-12T02:51:13.056222 | ID:154 | danger_zone | ⚠ 闯入危险区域
2026-06-12T02:51:25.549280 | WECOM | SUCCESS | - | ⚠ 闯入危险区域 告警ID:155 | 企业微信消息发送成功
2026-06-12T02:51:25.306188 | ID:155 | danger_zone | ⚠ 闯入危险区域
2026-06-12T02:51:25.783614 | WECOM | SUCCESS | - | ⚠ 闯入危险区域 告警ID:156 | 企业微信消息发送成功
2026-06-12T02:51:25.549405 | ID:156 | danger_zone | ⚠ 闯入危险区域
2026-06-12T02:52:04.242546 | WECOM | SUCCESS | - | ⚠ 闯入危险区域 告警ID:157 | 企业微信消息发送成功
2026-06-12T02:52:04.015510 | ID:157 | danger_zone | ⚠ 闯入危险区域
2026-06-12T02:52:04.486550 | WECOM | SUCCESS | - | ⚠ 闯入危险区域 告警ID:158 | 企业微信消息发送成功
2026-06-12T02:52:04.242696 | ID:158 | danger_zone | ⚠ 闯入危险区域
2026-06-12T02:52:13.805416 | WECOM | SUCCESS | - | ⚠ 闯入危险区域 告警ID:159 | 企业微信消息发送成功
2026-06-12T02:52:13.574430 | ID:159 | danger_zone | ⚠ 闯入危险区域
2026-06-12T02:52:14.023519 | WECOM | SUCCESS | - | ⚠ 闯入危险区域 告警ID:160 | 企业微信消息发送成功
2026-06-12T02:52:13.805542 | ID:160 | danger_zone | ⚠ 闯入危险区域
2026-06-12T02:52:15.274945 | WECOM | SUCCESS | - | ⚠ 闯入危险区域 告警ID:161 | 企业微信消息发送成功
2026-06-12T02:52:15.024356 | ID:161 | danger_zone | ⚠ 闯入危险区域
2026-06-12T02:52:15.517745 | WECOM | SUCCESS | - | ⚠ 闯入危险区域 告警ID:162 | 企业微信消息发送成功
2026-06-12T02:52:15.275080 | ID:162 | danger_zone | ⚠ 闯入危险区域
2026-06-12T02:54:44.857994 | WECOM | SUCCESS | - | 检测到人员摔倒 (分数: 0.67) 告警ID:1 | 企业微信消息发送成功
2026-06-12T02:54:44.571950 | ID:1 | fall | 检测到人员摔倒 (分数: 0.67)
2026-06-12T02:54:57.163266 | WECOM | SUCCESS | - | 检测到人员摔倒 (分数: 0.67) 告警ID:2 | 企业微信消息发送成功
2026-06-12T02:54:56.871946 | ID:2 | fall | 检测到人员摔倒 (分数: 0.67)
2026-06-12T02:55:09.411340 | WECOM | SUCCESS | - | 检测到人员摔倒 (分数: 0.67) 告警ID:3 | 企业微信消息发送成功
2026-06-12T02:55:09.184077 | ID:3 | fall | 检测到人员摔倒 (分数: 0.67)
2026-06-12T02:55:24.701276 | WECOM | SUCCESS | - | 检测到人员摔倒 (分数: 0.67) 告警ID:4 | 企业微信消息发送成功
2026-06-12T02:55:24.466871 | ID:4 | fall | 检测到人员摔倒 (分数: 0.67)
2026-06-12T02:55:29.963349 | WECOM | SUCCESS | - | 检测到人员摔倒 (分数: 0.24) 告警ID:5 | 企业微信消息发送成功
2026-06-12T02:55:29.726560 | ID:5 | fall | 检测到人员摔倒 (分数: 0.24)
2026-06-12T02:55:35.209165 | WECOM | SUCCESS | - | 检测到人员摔倒 (分数: 0.00) 告警ID:6 | 企业微信消息发送成功
2026-06-12T02:55:34.967393 | ID:6 | fall | 检测到人员摔倒 (分数: 0.00)
2026-06-12T02:55:39.447354 | WECOM | SUCCESS | - | 检测到人员摔倒 (分数: 0.67) 告警ID:7 | 企业微信消息发送成功
2026-06-12T02:55:39.212570 | ID:7 | fall | 检测到人员摔倒 (分数: 0.67)
2026-06-12T02:55:51.696290 | WECOM | SUCCESS | - | 检测到人员摔倒 (分数: 0.67) 告警ID:8 | 企业微信消息发送成功
2026-06-12T02:55:51.458738 | ID:8 | fall | 检测到人员摔倒 (分数: 0.67)
2026-06-12T02:56:04.971160 | WECOM | SUCCESS | - | 检测到人员摔倒 (分数: 0.67) 告警ID:9 | 企业微信消息发送成功
2026-06-12T02:56:04.715024 | ID:9 | fall | 检测到人员摔倒 (分数: 0.67)
2026-06-12T02:56:17.240841 | WECOM | SUCCESS | - | 检测到人员摔倒 (分数: 0.67) 告警ID:10 | 企业微信消息发送成功
2026-06-12T02:56:16.994742 | ID:10 | fall | 检测到人员摔倒 (分数: 0.67)
2026-06-12T02:56:32.528324 | WECOM | SUCCESS | - | 检测到人员摔倒 (分数: 0.67) 告警ID:11 | 企业微信消息发送成功
2026-06-12T02:56:32.295787 | ID:11 | fall | 检测到人员摔倒 (分数: 0.67)
2026-06-12T02:56:36.766745 | WECOM | SUCCESS | - | 检测到人员摔倒 (分数: 0.24) 告警ID:12 | 企业微信消息发送成功
2026-06-12T02:56:36.530594 | ID:12 | fall | 检测到人员摔倒 (分数: 0.24)
2026-06-12T02:56:42.004045 | WECOM | SUCCESS | - | 检测到人员摔倒 (分数: 0.00) 告警ID:13 | 企业微信消息发送成功
2026-06-12T02:56:41.771404 | ID:13 | fall | 检测到人员摔倒 (分数: 0.00)
2026-06-12T02:56:47.249816 | WECOM | SUCCESS | - | 检测到人员摔倒 (分数: 0.67) 告警ID:14 | 企业微信消息发送成功
2026-06-12T02:56:47.010053 | ID:14 | fall | 检测到人员摔倒 (分数: 0.67)
2026-06-12T02:56:59.503367 | WECOM | SUCCESS | - | 检测到人员摔倒 (分数: 0.67) 告警ID:15 | 企业微信消息发送成功
2026-06-12T02:56:59.264869 | ID:15 | fall | 检测到人员摔倒 (分数: 0.67)
2026-06-12T02:57:11.756045 | WECOM | SUCCESS | - | 检测到人员摔倒 (分数: 0.67) 告警ID:16 | 企业微信消息发送成功
2026-06-12T02:57:11.523629 | ID:16 | fall | 检测到人员摔倒 (分数: 0.67)
2026-06-12T02:57:24.020097 | WECOM | SUCCESS | - | 检测到人员摔倒 (分数: 0.67) 告警ID:17 | 企业微信消息发送成功
2026-06-12T02:57:23.783327 | ID:17 | fall | 检测到人员摔倒 (分数: 0.67)
2026-06-12T02:57:39.296336 | WECOM | SUCCESS | - | 检测到人员摔倒 (分数: 0.67) 告警ID:18 | 企业微信消息发送成功
2026-06-12T02:57:39.053384 | ID:18 | fall | 检测到人员摔倒 (分数: 0.67)
2026-06-12T02:57:44.541674 | WECOM | SUCCESS | - | 检测到人员摔倒 (分数: 0.24) 告警ID:19 | 企业微信消息发送成功
2026-06-12T02:57:44.318352 | ID:19 | fall | 检测到人员摔倒 (分数: 0.24)
2026-06-12T02:57:49.790374 | WECOM | SUCCESS | - | 检测到人员摔倒 (分数: 0.00) 告警ID:20 | 企业微信消息发送成功
2026-06-12T02:57:49.552901 | ID:20 | fall | 检测到人员摔倒 (分数: 0.00)
2026-06-12T02:57:54.040635 | WECOM | SUCCESS | - | 检测到人员摔倒 (分数: 0.67) 告警ID:21 | 企业微信消息发送成功
2026-06-12T02:57:53.793202 | ID:21 | fall | 检测到人员摔倒 (分数: 0.67)
2026-06-12T02:58:06.293210 | WECOM | SUCCESS | - | 检测到人员摔倒 (分数: 0.67) 告警ID:22 | 企业微信消息发送成功
2026-06-12T02:58:06.057015 | ID:22 | fall | 检测到人员摔倒 (分数: 0.67)
2026-06-12T02:58:19.541651 | WECOM | SUCCESS | - | 检测到人员摔倒 (分数: 0.67) 告警ID:23 | 企业微信消息发送成功
2026-06-12T02:58:19.310073 | ID:23 | fall | 检测到人员摔倒 (分数: 0.67)
2026-06-12T02:58:31.806446 | WECOM | SUCCESS | - | 检测到人员摔倒 (分数: 0.67) 告警ID:24 | 企业微信消息发送成功
2026-06-12T02:58:31.566628 | ID:24 | fall | 检测到人员摔倒 (分数: 0.67)
2026-06-12T02:58:47.140807 | WECOM | SUCCESS | - | 检测到人员摔倒 (分数: 0.67) 告警ID:25 | 企业微信消息发送成功
2026-06-12T02:58:46.888055 | ID:25 | fall | 检测到人员摔倒 (分数: 0.67)
2026-06-12T02:58:51.384700 | WECOM | SUCCESS | - | 检测到人员摔倒 (分数: 0.24) 告警ID:26 | 企业微信消息发送成功
2026-06-12T02:58:51.150008 | ID:26 | fall | 检测到人员摔倒 (分数: 0.24)
2026-06-12T02:58:56.629036 | WECOM | SUCCESS | - | 检测到人员摔倒 (分数: 0.00) 告警ID:27 | 企业微信消息发送成功
2026-06-12T02:58:56.388792 | ID:27 | fall | 检测到人员摔倒 (分数: 0.00)
2026-06-12T02:59:01.893774 | WECOM | SUCCESS | - | 检测到人员摔倒 (分数: 0.67) 告警ID:28 | 企业微信消息发送成功
2026-06-12T02:59:01.634122 | ID:28 | fall | 检测到人员摔倒 (分数: 0.67)
2026-06-12T02:59:14.148539 | WECOM | SUCCESS | - | 检测到人员摔倒 (分数: 0.67) 告警ID:29 | 企业微信消息发送成功
2026-06-12T02:59:13.907077 | ID:29 | fall | 检测到人员摔倒 (分数: 0.67)
2026-06-12T02:59:26.395503 | WECOM | SUCCESS | - | 检测到人员摔倒 (分数: 0.67) 告警ID:30 | 企业微信消息发送成功
2026-06-12T02:59:26.167294 | ID:30 | fall | 检测到人员摔倒 (分数: 0.67)
2026-06-12T02:59:38.664753 | WECOM | SUCCESS | - | 检测到人员摔倒 (分数: 0.67) 告警ID:31 | 企业微信消息发送成功
2026-06-12T02:59:38.429772 | ID:31 | fall | 检测到人员摔倒 (分数: 0.67)
2026-06-12T02:59:54.007932 | WECOM | SUCCESS | - | 检测到人员摔倒 (分数: 0.67) 告警ID:32 | 企业微信消息发送成功
2026-06-12T02:59:53.723438 | ID:32 | fall | 检测到人员摔倒 (分数: 0.67)
2026-06-12T02:59:59.235946 | WECOM | SUCCESS | - | 检测到人员摔倒 (分数: 0.24) 告警ID:33 | 企业微信消息发送成功
2026-06-12T02:59:59.024949 | ID:33 | fall | 检测到人员摔倒 (分数: 0.24)
2026-06-12T03:00:04.472077 | WECOM | SUCCESS | - | 检测到人员摔倒 (分数: 0.00) 告警ID:34 | 企业微信消息发送成功
2026-06-12T03:00:04.246500 | ID:34 | fall | 检测到人员摔倒 (分数: 0.00)
2026-06-12T03:00:08.716660 | WECOM | SUCCESS | - | 检测到人员摔倒 (分数: 0.67) 告警ID:35 | 企业微信消息发送成功
2026-06-12T03:00:08.481935 | ID:35 | fall | 检测到人员摔倒 (分数: 0.67)
2026-06-12T03:00:20.958207 | WECOM | SUCCESS | - | 检测到人员摔倒 (分数: 0.67) 告警ID:36 | 企业微信消息发送成功
2026-06-12T03:00:20.728955 | ID:36 | fall | 检测到人员摔倒 (分数: 0.67)
2026-06-12T03:00:33.203282 | WECOM | SUCCESS | - | 检测到人员摔倒 (分数: 0.67) 告警ID:37 | 企业微信消息发送成功
2026-06-12T03:00:32.981815 | ID:37 | fall | 检测到人员摔倒 (分数: 0.67)
2026-06-12T03:00:46.490712 | WECOM | SUCCESS | - | 检测到人员摔倒 (分数: 0.67) 告警ID:38 | 企业微信消息发送成功
2026-06-12T03:00:46.247003 | ID:38 | fall | 检测到人员摔倒 (分数: 0.67)
2026-06-12T03:01:00.787728 | WECOM | SUCCESS | - | 检测到人员摔倒 (分数: 0.67) 告警ID:39 | 企业微信消息发送成功
2026-06-12T03:01:00.546074 | ID:39 | fall | 检测到人员摔倒 (分数: 0.67)
2026-06-12T03:01:06.046937 | WECOM | SUCCESS | - | 检测到人员摔倒 (分数: 0.24) 告警ID:40 | 企业微信消息发送成功
2026-06-12T03:01:05.813821 | ID:40 | fall | 检测到人员摔倒 (分数: 0.24)
2026-06-12T03:01:11.293126 | WECOM | SUCCESS | - | 检测到人员摔倒 (分数: 0.00) 告警ID:41 | 企业微信消息发送成功
2026-06-12T03:01:11.049738 | ID:41 | fall | 检测到人员摔倒 (分数: 0.00)
2026-06-12T03:01:16.542807 | WECOM | SUCCESS | - | 检测到人员摔倒 (分数: 0.67) 告警ID:42 | 企业微信消息发送成功
2026-06-12T03:01:16.305519 | ID:42 | fall | 检测到人员摔倒 (分数: 0.67)
2026-06-12T03:01:28.810932 | WECOM | SUCCESS | - | 检测到人员摔倒 (分数: 0.67) 告警ID:43 | 企业微信消息发送成功
2026-06-12T03:01:28.562399 | ID:43 | fall | 检测到人员摔倒 (分数: 0.67)
2026-06-12T03:01:41.071983 | WECOM | SUCCESS | - | 检测到人员摔倒 (分数: 0.67) 告警ID:44 | 企业微信消息发送成功
2026-06-12T03:01:40.824793 | ID:44 | fall | 检测到人员摔倒 (分数: 0.67)
2026-06-12T03:01:53.322552 | WECOM | SUCCESS | - | 检测到人员摔倒 (分数: 0.67) 告警ID:45 | 企业微信消息发送成功
2026-06-12T03:01:53.085269 | ID:45 | fall | 检测到人员摔倒 (分数: 0.67)
2026-06-12T03:02:08.621512 | WECOM | SUCCESS | - | 检测到人员摔倒 (分数: 0.67) 告警ID:46 | 企业微信消息发送成功
2026-06-12T03:02:08.377997 | ID:46 | fall | 检测到人员摔倒 (分数: 0.67)
2026-06-12T03:02:12.853452 | WECOM | SUCCESS | - | 检测到人员摔倒 (分数: 0.24) 告警ID:47 | 企业微信消息发送成功
2026-06-12T03:02:12.624174 | ID:47 | fall | 检测到人员摔倒 (分数: 0.24)
2026-06-12T03:02:18.101065 | WECOM | SUCCESS | - | 检测到人员摔倒 (分数: 0.00) 告警ID:48 | 企业微信消息发送成功
2026-06-12T03:02:17.867762 | ID:48 | fall | 检测到人员摔倒 (分数: 0.00)
2026-06-12T03:02:23.339805 | WECOM | SUCCESS | - | 检测到人员摔倒 (分数: 0.67) 告警ID:49 | 企业微信消息发送成功
2026-06-12T03:02:23.110680 | ID:49 | fall | 检测到人员摔倒 (分数: 0.67)
2026-06-12T03:02:35.583886 | WECOM | SUCCESS | - | 检测到人员摔倒 (分数: 0.67) 告警ID:50 | 企业微信消息发送成功
2026-06-12T03:02:35.357033 | ID:50 | fall | 检测到人员摔倒 (分数: 0.67)
2026-06-12T03:02:47.834120 | WECOM | SUCCESS | - | 检测到人员摔倒 (分数: 0.67) 告警ID:51 | 企业微信消息发送成功
2026-06-12T03:02:47.600012 | ID:51 | fall | 检测到人员摔倒 (分数: 0.67)
2026-06-12T03:03:00.073143 | WECOM | SUCCESS | - | 检测到人员摔倒 (分数: 0.67) 告警ID:52 | 企业微信消息发送成功
2026-06-12T03:02:59.854135 | ID:52 | fall | 检测到人员摔倒 (分数: 0.67)
2026-06-12T03:03:15.369528 | WECOM | SUCCESS | - | 检测到人员摔倒 (分数: 0.67) 告警ID:53 | 企业微信消息发送成功
2026-06-12T03:03:15.129793 | ID:53 | fall | 检测到人员摔倒 (分数: 0.67)
2026-06-12T03:03:20.636707 | WECOM | SUCCESS | - | 检测到人员摔倒 (分数: 0.24) 告警ID:54 | 企业微信消息发送成功
2026-06-12T03:03:20.401137 | ID:54 | fall | 检测到人员摔倒 (分数: 0.24)
2026-06-12T03:03:25.864321 | WECOM | SUCCESS | - | 检测到人员摔倒 (分数: 0.00) 告警ID:55 | 企业微信消息发送成功
2026-06-12T03:03:25.640746 | ID:55 | fall | 检测到人员摔倒 (分数: 0.00)
2026-06-12T03:03:31.327678 | WECOM | SUCCESS | - | 检测到人员摔倒 (分数: 0.67) 告警ID:56 | 企业微信消息发送成功
2026-06-12T03:03:29.869705 | ID:56 | fall | 检测到人员摔倒 (分数: 0.67)
2026-06-12T03:03:43.600189 | WECOM | SUCCESS | - | 检测到人员摔倒 (分数: 0.67) 告警ID:57 | 企业微信消息发送成功
2026-06-12T03:03:43.341663 | ID:57 | fall | 检测到人员摔倒 (分数: 0.67)
2026-06-12T03:03:56.839068 | WECOM | SUCCESS | - | 检测到人员摔倒 (分数: 0.67) 告警ID:58 | 企业微信消息发送成功
2026-06-12T03:03:56.614761 | ID:58 | fall | 检测到人员摔倒 (分数: 0.67)
2026-06-12T03:04:09.129260 | WECOM | SUCCESS | - | 检测到人员摔倒 (分数: 0.67) 告警ID:59 | 企业微信消息发送成功
2026-06-12T03:04:08.888253 | ID:59 | fall | 检测到人员摔倒 (分数: 0.67)
2026-06-12T03:04:23.426635 | WECOM | SUCCESS | - | 检测到人员摔倒 (分数: 0.67) 告警ID:60 | 企业微信消息发送成功
2026-06-12T03:04:23.180047 | ID:60 | fall | 检测到人员摔倒 (分数: 0.67)
2026-06-12T03:04:28.684103 | WECOM | SUCCESS | - | 检测到人员摔倒 (分数: 0.24) 告警ID:61 | 企业微信消息发送成功
2026-06-12T03:04:28.433304 | ID:61 | fall | 检测到人员摔倒 (分数: 0.24)
2026-06-12T03:04:33.926886 | WECOM | SUCCESS | - | 检测到人员摔倒 (分数: 0.00) 告警ID:62 | 企业微信消息发送成功
2026-06-12T03:04:33.688294 | ID:62 | fall | 检测到人员摔倒 (分数: 0.00)
2026-06-12T03:04:39.175706 | WECOM | SUCCESS | - | 检测到人员摔倒 (分数: 0.67) 告警ID:63 | 企业微信消息发送成功
2026-06-12T03:04:38.929774 | ID:63 | fall | 检测到人员摔倒 (分数: 0.67)
2026-06-12T03:04:51.432903 | WECOM | SUCCESS | - | 检测到人员摔倒 (分数: 0.67) 告警ID:64 | 企业微信消息发送成功
2026-06-12T03:04:51.191908 | ID:64 | fall | 检测到人员摔倒 (分数: 0.67)
2026-06-12T03:05:03.702996 | WECOM | SUCCESS | - | 检测到人员摔倒 (分数: 0.67) 告警ID:65 | 企业微信消息发送成功
2026-06-12T03:05:03.452352 | ID:65 | fall | 检测到人员摔倒 (分数: 0.67)
2026-06-12T03:05:15.962924 | WECOM | SUCCESS | - | 检测到人员摔倒 (分数: 0.67) 告警ID:66 | 企业微信消息发送成功
2026-06-12T03:05:15.723288 | ID:66 | fall | 检测到人员摔倒 (分数: 0.67)
2026-06-12T03:05:31.263171 | WECOM | SUCCESS | - | 检测到人员摔倒 (分数: 0.67) 告警ID:67 | 企业微信消息发送成功
2026-06-12T03:05:31.019603 | ID:67 | fall | 检测到人员摔倒 (分数: 0.67)
2026-06-12T03:05:36.496190 | WECOM | SUCCESS | - | 检测到人员摔倒 (分数: 0.24) 告警ID:68 | 企业微信消息发送成功
2026-06-12T03:05:36.269422 | ID:68 | fall | 检测到人员摔倒 (分数: 0.24)
2026-06-12T03:05:40.717905 | WECOM | SUCCESS | - | 检测到人员摔倒 (分数: 0.00) 告警ID:69 | 企业微信消息发送成功
2026-06-12T03:05:40.501469 | ID:69 | fall | 检测到人员摔倒 (分数: 0.00)
2026-06-12T03:05:45.980133 | WECOM | SUCCESS | - | 检测到人员摔倒 (分数: 0.67) 告警ID:70 | 企业微信消息发送成功
2026-06-12T03:05:45.720003 | ID:70 | fall | 检测到人员摔倒 (分数: 0.67)
2026-06-12T03:05:58.228103 | WECOM | SUCCESS | - | 检测到人员摔倒 (分数: 0.67) 告警ID:71 | 企业微信消息发送成功
2026-06-12T03:05:57.991683 | ID:71 | fall | 检测到人员摔倒 (分数: 0.67)
2026-06-12T03:06:10.484602 | WECOM | SUCCESS | - | 检测到人员摔倒 (分数: 0.67) 告警ID:72 | 企业微信消息发送成功
2026-06-12T03:06:10.240979 | ID:72 | fall | 检测到人员摔倒 (分数: 0.67)
2026-06-12T03:06:23.742690 | WECOM | SUCCESS | - | 检测到人员摔倒 (分数: 0.67) 告警ID:73 | 企业微信消息发送成功
2026-06-12T03:06:23.506809 | ID:73 | fall | 检测到人员摔倒 (分数: 0.67)
2026-06-12T03:06:38.091802 | WECOM | SUCCESS | - | 检测到人员摔倒 (分数: 0.67) 告警ID:74 | 企业微信消息发送成功
2026-06-12T03:06:37.779654 | ID:74 | fall | 检测到人员摔倒 (分数: 0.67)
2026-06-12T03:06:43.343825 | WECOM | SUCCESS | - | 检测到人员摔倒 (分数: 0.24) 告警ID:75 | 企业微信消息发送成功
2026-06-12T03:06:43.120852 | ID:75 | fall | 检测到人员摔倒 (分数: 0.24)
2026-06-12T03:06:48.570273 | WECOM | SUCCESS | - | 检测到人员摔倒 (分数: 0.00) 告警ID:76 | 企业微信消息发送成功
2026-06-12T03:06:48.352773 | ID:76 | fall | 检测到人员摔倒 (分数: 0.00)
2026-06-12T03:06:53.820533 | WECOM | SUCCESS | - | 检测到人员摔倒 (分数: 0.67) 告警ID:77 | 企业微信消息发送成功
2026-06-12T03:06:53.579976 | ID:77 | fall | 检测到人员摔倒 (分数: 0.67)
2026-06-12T03:07:06.085336 | WECOM | SUCCESS | - | 检测到人员摔倒 (分数: 0.67) 告警ID:78 | 企业微信消息发送成功
2026-06-12T03:07:05.836789 | ID:78 | fall | 检测到人员摔倒 (分数: 0.67)
2026-06-12T03:07:18.351861 | WECOM | SUCCESS | - | 检测到人员摔倒 (分数: 0.67) 告警ID:79 | 企业微信消息发送成功
2026-06-12T03:07:18.106825 | ID:79 | fall | 检测到人员摔倒 (分数: 0.67)
2026-06-12T03:07:30.581675 | WECOM | SUCCESS | - | 检测到人员摔倒 (分数: 0.67) 告警ID:80 | 企业微信消息发送成功
2026-06-12T03:07:30.363764 | ID:80 | fall | 检测到人员摔倒 (分数: 0.67)
2026-06-12T03:07:45.869375 | WECOM | SUCCESS | - | 检测到人员摔倒 (分数: 0.67) 告警ID:81 | 企业微信消息发送成功
2026-06-12T03:07:45.633612 | ID:81 | fall | 检测到人员摔倒 (分数: 0.67)
2026-06-12T03:07:51.103699 | WECOM | SUCCESS | - | 检测到人员摔倒 (分数: 0.24) 告警ID:82 | 企业微信消息发送成功
2026-06-12T03:07:50.874325 | ID:82 | fall | 检测到人员摔倒 (分数: 0.24)
2026-06-12T03:07:55.354867 | WECOM | SUCCESS | - | 检测到人员摔倒 (分数: 0.00) 告警ID:83 | 企业微信消息发送成功
2026-06-12T03:07:55.111759 | ID:83 | fall | 检测到人员摔倒 (分数: 0.00)
2026-06-12T03:08:00.611972 | WECOM | SUCCESS | - | 检测到人员摔倒 (分数: 0.67) 告警ID:84 | 企业微信消息发送成功
2026-06-12T03:08:00.359549 | ID:84 | fall | 检测到人员摔倒 (分数: 0.67)
2026-06-12T03:08:12.869026 | WECOM | SUCCESS | - | 检测到人员摔倒 (分数: 0.67) 告警ID:85 | 企业微信消息发送成功
2026-06-12T03:08:12.631051 | ID:85 | fall | 检测到人员摔倒 (分数: 0.67)
2026-06-12T03:08:25.106298 | WECOM | SUCCESS | - | 检测到人员摔倒 (分数: 0.67) 告警ID:86 | 企业微信消息发送成功
2026-06-12T03:08:24.885498 | ID:86 | fall | 检测到人员摔倒 (分数: 0.67)
2026-06-12T03:08:37.360557 | WECOM | SUCCESS | - | 检测到人员摔倒 (分数: 0.67) 告警ID:87 | 企业微信消息发送成功
2026-06-12T03:08:37.126193 | ID:87 | fall | 检测到人员摔倒 (分数: 0.67)
2026-06-12T03:08:52.668075 | WECOM | SUCCESS | - | 检测到人员摔倒 (分数: 0.67) 告警ID:88 | 企业微信消息发送成功
2026-06-12T03:08:52.434061 | ID:88 | fall | 检测到人员摔倒 (分数: 0.67)
2026-06-12T03:08:57.913176 | WECOM | SUCCESS | - | 检测到人员摔倒 (分数: 0.24) 告警ID:89 | 企业微信消息发送成功
2026-06-12T03:08:57.676667 | ID:89 | fall | 检测到人员摔倒 (分数: 0.24)
2026-06-12T03:09:03.141712 | WECOM | SUCCESS | - | 检测到人员摔倒 (分数: 0.00) 告警ID:90 | 企业微信消息发送成功
2026-06-12T03:09:02.917964 | ID:90 | fall | 检测到人员摔倒 (分数: 0.00)
2026-06-12T03:09:08.388536 | WECOM | SUCCESS | - | 检测到人员摔倒 (分数: 0.67) 告警ID:91 | 企业微信消息发送成功
2026-06-12T03:09:08.145834 | ID:91 | fall | 检测到人员摔倒 (分数: 0.67)
2026-06-12T03:09:19.626536 | WECOM | SUCCESS | - | 检测到人员摔倒 (分数: 0.67) 告警ID:92 | 企业微信消息发送成功
2026-06-12T03:09:19.406096 | ID:92 | fall | 检测到人员摔倒 (分数: 0.67)
2026-06-12T03:09:32.879980 | WECOM | SUCCESS | - | 检测到人员摔倒 (分数: 0.67) 告警ID:93 | 企业微信消息发送成功
2026-06-12T03:09:32.644697 | ID:93 | fall | 检测到人员摔倒 (分数: 0.67)
2026-06-12T03:09:45.151103 | WECOM | SUCCESS | - | 检测到人员摔倒 (分数: 0.67) 告警ID:94 | 企业微信消息发送成功
2026-06-12T03:09:44.902950 | ID:94 | fall | 检测到人员摔倒 (分数: 0.67)
2026-06-12T03:09:59.523329 | WECOM | SUCCESS | - | 检测到人员摔倒 (分数: 0.67) 告警ID:95 | 企业微信消息发送成功
2026-06-12T03:09:59.249364 | ID:95 | fall | 检测到人员摔倒 (分数: 0.67)
2026-06-12T03:10:04.789395 | WECOM | SUCCESS | - | 检测到人员摔倒 (分数: 0.24) 告警ID:96 | 企业微信消息发送成功
2026-06-12T03:10:04.541878 | ID:96 | fall | 检测到人员摔倒 (分数: 0.24)
2026-06-12T03:10:10.032751 | WECOM | SUCCESS | - | 检测到人员摔倒 (分数: 0.00) 告警ID:97 | 企业微信消息发送成功
2026-06-12T03:10:09.793875 | ID:97 | fall | 检测到人员摔倒 (分数: 0.00)
2026-06-12T03:10:15.285405 | WECOM | SUCCESS | - | 检测到人员摔倒 (分数: 0.67) 告警ID:98 | 企业微信消息发送成功
2026-06-12T03:10:15.038051 | ID:98 | fall | 检测到人员摔倒 (分数: 0.67)
2026-06-12T03:10:27.549803 | WECOM | SUCCESS | - | 检测到人员摔倒 (分数: 0.67) 告警ID:99 | 企业微信消息发送成功
2026-06-12T03:10:27.302950 | ID:99 | fall | 检测到人员摔倒 (分数: 0.67)
2026-06-12T03:10:39.779655 | WECOM | SUCCESS | - | 检测到人员摔倒 (分数: 0.67) 告警ID:100 | 企业微信消息发送成功
2026-06-12T03:10:39.563434 | ID:100 | fall | 检测到人员摔倒 (分数: 0.67)
2026-06-12T03:10:52.034318 | WECOM | SUCCESS | - | 检测到人员摔倒 (分数: 0.67) 告警ID:101 | 企业微信消息发送成功
2026-06-12T03:10:51.795650 | ID:101 | fall | 检测到人员摔倒 (分数: 0.67)
2026-06-12T03:11:07.353931 | WECOM | SUCCESS | - | 检测到人员摔倒 (分数: 0.67) 告警ID:102 | 企业微信消息发送成功
2026-06-12T03:11:07.116817 | ID:102 | fall | 检测到人员摔倒 (分数: 0.67)
2026-06-12T03:11:12.617275 | WECOM | SUCCESS | - | 检测到人员摔倒 (分数: 0.24) 告警ID:103 | 企业微信消息发送成功
2026-06-12T03:11:12.376288 | ID:103 | fall | 检测到人员摔倒 (分数: 0.24)
2026-06-12T03:11:16.859947 | WECOM | SUCCESS | - | 检测到人员摔倒 (分数: 0.00) 告警ID:104 | 企业微信消息发送成功
2026-06-12T03:11:16.620749 | ID:104 | fall | 检测到人员摔倒 (分数: 0.00)
2026-06-12T03:11:22.109541 | WECOM | SUCCESS | - | 检测到人员摔倒 (分数: 0.67) 告警ID:105 | 企业微信消息发送成功
2026-06-12T03:11:21.868653 | ID:105 | fall | 检测到人员摔倒 (分数: 0.67)
2026-06-12T03:11:34.383795 | WECOM | SUCCESS | - | 检测到人员摔倒 (分数: 0.67) 告警ID:106 | 企业微信消息发送成功
2026-06-12T03:11:34.133809 | ID:106 | fall | 检测到人员摔倒 (分数: 0.67)
2026-06-12T03:11:46.622856 | WECOM | SUCCESS | - | 检测到人员摔倒 (分数: 0.67) 告警ID:107 | 企业微信消息发送成功
2026-06-12T03:11:46.403500 | ID:107 | fall | 检测到人员摔倒 (分数: 0.67)
2026-06-12T03:11:59.883952 | WECOM | SUCCESS | - | 检测到人员摔倒 (分数: 0.67) 告警ID:108 | 企业微信消息发送成功
2026-06-12T03:11:59.644779 | ID:108 | fall | 检测到人员摔倒 (分数: 0.67)
2026-06-12T03:12:14.166046 | WECOM | SUCCESS | - | 检测到人员摔倒 (分数: 0.67) 告警ID:109 | 企业微信消息发送成功
2026-06-12T03:12:13.942721 | ID:109 | fall | 检测到人员摔倒 (分数: 0.67)
2026-06-12T03:12:19.439220 | WECOM | SUCCESS | - | 检测到人员摔倒 (分数: 0.24) 告警ID:110 | 企业微信消息发送成功
2026-06-12T03:12:19.198496 | ID:110 | fall | 检测到人员摔倒 (分数: 0.24)
2026-06-12T03:12:24.707224 | WECOM | SUCCESS | - | 检测到人员摔倒 (分数: 0.00) 告警ID:111 | 企业微信消息发送成功
2026-06-12T03:12:24.446970 | ID:111 | fall | 检测到人员摔倒 (分数: 0.00)
2026-06-12T03:12:29.954052 | WECOM | SUCCESS | - | 检测到人员摔倒 (分数: 0.67) 告警ID:112 | 企业微信消息发送成功
2026-06-12T03:12:29.718223 | ID:112 | fall | 检测到人员摔倒 (分数: 0.67)
2026-06-12T03:12:42.209219 | WECOM | SUCCESS | - | 检测到人员摔倒 (分数: 0.67) 告警ID:113 | 企业微信消息发送成功
2026-06-12T03:12:41.963033 | ID:113 | fall | 检测到人员摔倒 (分数: 0.67)
2026-06-12T03:12:54.523077 | WECOM | SUCCESS | - | 检测到人员摔倒 (分数: 0.67) 告警ID:114 | 企业微信消息发送成功
2026-06-12T03:12:54.234177 | ID:114 | fall | 检测到人员摔倒 (分数: 0.67)
2026-06-12T03:13:06.779177 | WECOM | SUCCESS | - | 检测到人员摔倒 (分数: 0.67) 告警ID:115 | 企业微信消息发送成功
2026-06-12T03:13:06.532732 | ID:115 | fall | 检测到人员摔倒 (分数: 0.67)
2026-06-12T03:13:22.071017 | WECOM | SUCCESS | - | 检测到人员摔倒 (分数: 0.67) 告警ID:116 | 企业微信消息发送成功
2026-06-12T03:13:21.824779 | ID:116 | fall | 检测到人员摔倒 (分数: 0.67)
2026-06-12T03:13:27.300623 | WECOM | SUCCESS | - | 检测到人员摔倒 (分数: 0.24) 告警ID:117 | 企业微信消息发送成功
2026-06-12T03:13:27.077274 | ID:117 | fall | 检测到人员摔倒 (分数: 0.24)
2026-06-12T03:13:31.527890 | WECOM | SUCCESS | - | 检测到人员摔倒 (分数: 0.00) 告警ID:118 | 企业微信消息发送成功
2026-06-12T03:13:31.304228 | ID:118 | fall | 检测到人员摔倒 (分数: 0.00)
2026-06-12T03:13:36.795085 | WECOM | SUCCESS | - | 检测到人员摔倒 (分数: 0.67) 告警ID:119 | 企业微信消息发送成功
2026-06-12T03:13:36.532494 | ID:119 | fall | 检测到人员摔倒 (分数: 0.67)
2026-06-12T03:13:49.042637 | WECOM | SUCCESS | - | 检测到人员摔倒 (分数: 0.67) 告警ID:120 | 企业微信消息发送成功
2026-06-12T03:13:48.805143 | ID:120 | fall | 检测到人员摔倒 (分数: 0.67)
2026-06-12T03:14:01.300684 | WECOM | SUCCESS | - | 检测到人员摔倒 (分数: 0.67) 告警ID:121 | 企业微信消息发送成功
2026-06-12T03:14:01.055715 | ID:121 | fall | 检测到人员摔倒 (分数: 0.67)
2026-06-12T03:14:14.590636 | WECOM | SUCCESS | - | 检测到人员摔倒 (分数: 0.67) 告警ID:122 | 企业微信消息发送成功
2026-06-12T03:14:14.341675 | ID:122 | fall | 检测到人员摔倒 (分数: 0.67)
2026-06-12T03:14:28.890974 | WECOM | SUCCESS | - | 检测到人员摔倒 (分数: 0.67) 告警ID:123 | 企业微信消息发送成功
2026-06-12T03:14:28.665827 | ID:123 | fall | 检测到人员摔倒 (分数: 0.67)
2026-06-12T03:14:34.154501 | WECOM | SUCCESS | - | 检测到人员摔倒 (分数: 0.24) 告警ID:124 | 企业微信消息发送成功
2026-06-12T03:14:33.917454 | ID:124 | fall | 检测到人员摔倒 (分数: 0.24)
2026-06-12T03:14:39.404264 | WECOM | SUCCESS | - | 检测到人员摔倒 (分数: 0.00) 告警ID:125 | 企业微信消息发送成功
2026-06-12T03:14:39.160252 | ID:125 | fall | 检测到人员摔倒 (分数: 0.00)
2026-06-12T03:14:44.618484 | WECOM | SUCCESS | - | 检测到人员摔倒 (分数: 0.67) 告警ID:126 | 企业微信消息发送成功
2026-06-12T03:14:44.407227 | ID:126 | fall | 检测到人员摔倒 (分数: 0.67)
2026-06-12T03:14:56.865196 | WECOM | SUCCESS | - | 检测到人员摔倒 (分数: 0.67) 告警ID:127 | 企业微信消息发送成功
2026-06-12T03:14:56.633797 | ID:127 | fall | 检测到人员摔倒 (分数: 0.67)
2026-06-12T03:15:09.119818 | WECOM | SUCCESS | - | 检测到人员摔倒 (分数: 0.67) 告警ID:128 | 企业微信消息发送成功
2026-06-12T03:15:08.882103 | ID:128 | fall | 检测到人员摔倒 (分数: 0.67)
2026-06-12T03:15:21.390610 | WECOM | SUCCESS | - | 检测到人员摔倒 (分数: 0.67) 告警ID:129 | 企业微信消息发送成功
2026-06-12T03:15:21.163052 | ID:129 | fall | 检测到人员摔倒 (分数: 0.67)
2026-06-12T03:15:36.734870 | WECOM | SUCCESS | - | 检测到人员摔倒 (分数: 0.67) 告警ID:130 | 企业微信消息发送成功
2026-06-12T03:15:36.490795 | ID:130 | fall | 检测到人员摔倒 (分数: 0.67)
2026-06-12T03:15:40.985461 | WECOM | SUCCESS | - | 检测到人员摔倒 (分数: 0.24) 告警ID:131 | 企业微信消息发送成功
2026-06-12T03:15:40.741343 | ID:131 | fall | 检测到人员摔倒 (分数: 0.24)
2026-06-12T03:15:46.226738 | WECOM | SUCCESS | - | 检测到人员摔倒 (分数: 0.00) 告警ID:132 | 企业微信消息发送成功
2026-06-12T03:15:45.993655 | ID:132 | fall | 检测到人员摔倒 (分数: 0.00)
2026-06-12T03:15:51.472264 | WECOM | SUCCESS | - | 检测到人员摔倒 (分数: 0.67) 告警ID:133 | 企业微信消息发送成功
2026-06-12T03:15:51.229490 | ID:133 | fall | 检测到人员摔倒 (分数: 0.67)
2026-06-12T03:16:03.710757 | WECOM | SUCCESS | - | 检测到人员摔倒 (分数: 0.67) 告警ID:134 | 企业微信消息发送成功
2026-06-12T03:16:03.489139 | ID:134 | fall | 检测到人员摔倒 (分数: 0.67)
2026-06-12T03:16:15.961237 | WECOM | SUCCESS | - | 检测到人员摔倒 (分数: 0.67) 告警ID:135 | 企业微信消息发送成功
2026-06-12T03:16:15.722077 | ID:135 | fall | 检测到人员摔倒 (分数: 0.67)
2026-06-12T03:16:28.224231 | WECOM | SUCCESS | - | 检测到人员摔倒 (分数: 0.67) 告警ID:136 | 企业微信消息发送成功
2026-06-12T03:16:27.992382 | ID:136 | fall | 检测到人员摔倒 (分数: 0.67)
2026-06-12T03:16:43.541672 | WECOM | SUCCESS | - | 检测到人员摔倒 (分数: 0.67) 告警ID:137 | 企业微信消息发送成功
2026-06-12T03:16:43.302520 | ID:137 | fall | 检测到人员摔倒 (分数: 0.67)
2026-06-12T03:16:48.806895 | WECOM | SUCCESS | - | 检测到人员摔倒 (分数: 0.24) 告警ID:138 | 企业微信消息发送成功
2026-06-12T03:16:48.563189 | ID:138 | fall | 检测到人员摔倒 (分数: 0.24)
2026-06-12T03:16:54.075101 | WECOM | SUCCESS | - | 检测到人员摔倒 (分数: 0.00) 告警ID:139 | 企业微信消息发送成功
2026-06-12T03:16:53.812022 | ID:139 | fall | 检测到人员摔倒 (分数: 0.00)
2026-06-12T03:16:58.304827 | WECOM | SUCCESS | - | 检测到人员摔倒 (分数: 0.67) 告警ID:140 | 企业微信消息发送成功
2026-06-12T03:16:58.080250 | ID:140 | fall | 检测到人员摔倒 (分数: 0.67)
2026-06-12T03:17:10.554492 | WECOM | SUCCESS | - | 检测到人员摔倒 (分数: 0.67) 告警ID:141 | 企业微信消息发送成功
2026-06-12T03:17:10.315768 | ID:141 | fall | 检测到人员摔倒 (分数: 0.67)
2026-06-12T03:17:23.799502 | WECOM | SUCCESS | - | 检测到人员摔倒 (分数: 0.67) 告警ID:142 | 企业微信消息发送成功
2026-06-12T03:17:23.568539 | ID:142 | fall | 检测到人员摔倒 (分数: 0.67)
2026-06-12T03:17:36.071197 | WECOM | SUCCESS | - | 检测到人员摔倒 (分数: 0.67) 告警ID:143 | 企业微信消息发送成功
2026-06-12T03:17:35.832144 | ID:143 | fall | 检测到人员摔倒 (分数: 0.67)
2026-06-12T03:17:51.355740 | WECOM | SUCCESS | - | 检测到人员摔倒 (分数: 0.67) 告警ID:144 | 企业微信消息发送成功
2026-06-12T03:17:51.115300 | ID:144 | fall | 检测到人员摔倒 (分数: 0.67)
2026-06-12T03:17:55.636548 | WECOM | SUCCESS | - | 检测到人员摔倒 (分数: 0.24) 告警ID:145 | 企业微信消息发送成功
2026-06-12T03:17:55.361116 | ID:145 | fall | 检测到人员摔倒 (分数: 0.24)
2026-06-12T03:18:00.886801 | WECOM | SUCCESS | - | 检测到人员摔倒 (分数: 0.00) 告警ID:146 | 企业微信消息发送成功
2026-06-12T03:18:00.646452 | ID:146 | fall | 检测到人员摔倒 (分数: 0.00)
2026-06-12T03:18:06.125589 | WECOM | SUCCESS | - | 检测到人员摔倒 (分数: 0.67) 告警ID:147 | 企业微信消息发送成功
2026-06-12T03:18:05.894990 | ID:147 | fall | 检测到人员摔倒 (分数: 0.67)
2026-06-12T03:18:18.381902 | WECOM | SUCCESS | - | 检测到人员摔倒 (分数: 0.67) 告警ID:148 | 企业微信消息发送成功
2026-06-12T03:18:18.140958 | ID:148 | fall | 检测到人员摔倒 (分数: 0.67)
2026-06-12T03:18:30.636593 | WECOM | SUCCESS | - | 检测到人员摔倒 (分数: 0.67) 告警ID:149 | 企业微信消息发送成功
2026-06-12T03:18:30.397990 | ID:149 | fall | 检测到人员摔倒 (分数: 0.67)
2026-06-12T03:18:42.910376 | WECOM | SUCCESS | - | 检测到人员摔倒 (分数: 0.67) 告警ID:150 | 企业微信消息发送成功
2026-06-12T03:18:42.669343 | ID:150 | fall | 检测到人员摔倒 (分数: 0.67)
2026-06-12T03:18:58.179767 | WECOM | SUCCESS | - | 检测到人员摔倒 (分数: 0.67) 告警ID:151 | 企业微信消息发送成功
2026-06-12T03:18:57.955737 | ID:151 | fall | 检测到人员摔倒 (分数: 0.67)
2026-06-12T03:19:03.435556 | WECOM | SUCCESS | - | 检测到人员摔倒 (分数: 0.24) 告警ID:152 | 企业微信消息发送成功
2026-06-12T03:19:03.189214 | ID:152 | fall | 检测到人员摔倒 (分数: 0.24)
2026-06-12T03:19:08.684225 | WECOM | SUCCESS | - | 检测到人员摔倒 (分数: 0.00) 告警ID:153 | 企业微信消息发送成功
2026-06-12T03:19:08.442436 | ID:153 | fall | 检测到人员摔倒 (分数: 0.00)
2026-06-12T03:19:12.939728 | WECOM | SUCCESS | - | 检测到人员摔倒 (分数: 0.67) 告警ID:154 | 企业微信消息发送成功
2026-06-12T03:19:12.688915 | ID:154 | fall | 检测到人员摔倒 (分数: 0.67)
2026-06-12T03:19:25.192164 | WECOM | SUCCESS | - | 检测到人员摔倒 (分数: 0.67) 告警ID:155 | 企业微信消息发送成功
2026-06-12T03:19:24.962608 | ID:155 | fall | 检测到人员摔倒 (分数: 0.67)
2026-06-12T03:19:37.444711 | WECOM | SUCCESS | - | 检测到人员摔倒 (分数: 0.67) 告警ID:156 | 企业微信消息发送成功
2026-06-12T03:19:37.205426 | ID:156 | fall | 检测到人员摔倒 (分数: 0.67)
2026-06-12T03:19:50.695835 | WECOM | SUCCESS | - | 检测到人员摔倒 (分数: 0.67) 告警ID:157 | 企业微信消息发送成功
2026-06-12T03:19:50.462853 | ID:157 | fall | 检测到人员摔倒 (分数: 0.67)
2026-06-12T03:20:05.076974 | WECOM | SUCCESS | - | 检测到人员摔倒 (分数: 0.67) 告警ID:158 | 企业微信消息发送成功
2026-06-12T03:20:04.760952 | ID:158 | fall | 检测到人员摔倒 (分数: 0.67)
2026-06-12T03:20:10.346861 | WECOM | SUCCESS | - | 检测到人员摔倒 (分数: 0.24) 告警ID:159 | 企业微信消息发送成功
2026-06-12T03:20:10.102112 | ID:159 | fall | 检测到人员摔倒 (分数: 0.24)
2026-06-12T03:20:15.574878 | WECOM | SUCCESS | - | 检测到人员摔倒 (分数: 0.00) 告警ID:160 | 企业微信消息发送成功
2026-06-12T03:20:15.351225 | ID:160 | fall | 检测到人员摔倒 (分数: 0.00)
2026-06-12T03:20:20.833879 | WECOM | SUCCESS | - | 检测到人员摔倒 (分数: 0.67) 告警ID:161 | 企业微信消息发送成功
2026-06-12T03:20:20.585756 | ID:161 | fall | 检测到人员摔倒 (分数: 0.67)
2026-06-12T03:20:33.086212 | WECOM | SUCCESS | - | 检测到人员摔倒 (分数: 0.67) 告警ID:162 | 企业微信消息发送成功
2026-06-12T03:20:32.847327 | ID:162 | fall | 检测到人员摔倒 (分数: 0.67)
2026-06-12T03:20:45.469179 | WECOM | SUCCESS | - | 检测到人员摔倒 (分数: 0.67) 告警ID:163 | 企业微信消息发送成功
2026-06-12T03:20:45.104511 | ID:163 | fall | 检测到人员摔倒 (分数: 0.67)
2026-06-12T03:20:57.722116 | WECOM | SUCCESS | - | 检测到人员摔倒 (分数: 0.67) 告警ID:164 | 企业微信消息发送成功
2026-06-12T03:20:57.481912 | ID:164 | fall | 检测到人员摔倒 (分数: 0.67)
2026-06-12T03:21:13.049884 | WECOM | SUCCESS | - | 检测到人员摔倒 (分数: 0.67) 告警ID:165 | 企业微信消息发送成功
2026-06-12T03:21:12.789429 | ID:165 | fall | 检测到人员摔倒 (分数: 0.67)
2026-06-12T03:21:17.286569 | WECOM | SUCCESS | - | 检测到人员摔倒 (分数: 0.24) 告警ID:166 | 企业微信消息发送成功
2026-06-12T03:21:17.052789 | ID:166 | fall | 检测到人员摔倒 (分数: 0.24)
2026-06-12T03:21:22.534195 | WECOM | SUCCESS | - | 检测到人员摔倒 (分数: 0.00) 告警ID:167 | 企业微信消息发送成功
2026-06-12T03:21:22.294857 | ID:167 | fall | 检测到人员摔倒 (分数: 0.00)
2026-06-12T03:21:27.771741 | WECOM | SUCCESS | - | 检测到人员摔倒 (分数: 0.67) 告警ID:168 | 企业微信消息发送成功
2026-06-12T03:21:27.539380 | ID:168 | fall | 检测到人员摔倒 (分数: 0.67)
2026-06-12T03:21:40.022088 | WECOM | SUCCESS | - | 检测到人员摔倒 (分数: 0.67) 告警ID:169 | 企业微信消息发送成功
2026-06-12T03:21:39.784307 | ID:169 | fall | 检测到人员摔倒 (分数: 0.67)
2026-06-12T03:21:52.275869 | WECOM | SUCCESS | - | 检测到人员摔倒 (分数: 0.67) 告警ID:170 | 企业微信消息发送成功
2026-06-12T03:21:52.042607 | ID:170 | fall | 检测到人员摔倒 (分数: 0.67)
2026-06-12T03:22:04.520184 | WECOM | SUCCESS | - | 检测到人员摔倒 (分数: 0.67) 告警ID:171 | 企业微信消息发送成功
2026-06-12T03:22:04.296943 | ID:171 | fall | 检测到人员摔倒 (分数: 0.67)
2026-06-12T03:22:19.783189 | WECOM | SUCCESS | - | 检测到人员摔倒 (分数: 0.67) 告警ID:172 | 企业微信消息发送成功
2026-06-12T03:22:19.560873 | ID:172 | fall | 检测到人员摔倒 (分数: 0.67)
2026-06-12T03:22:25.067302 | WECOM | SUCCESS | - | 检测到人员摔倒 (分数: 0.24) 告警ID:173 | 企业微信消息发送成功
2026-06-12T03:22:24.822148 | ID:173 | fall | 检测到人员摔倒 (分数: 0.24)
2026-06-12T03:22:29.300604 | WECOM | SUCCESS | - | 检测到人员摔倒 (分数: 0.00) 告警ID:174 | 企业微信消息发送成功
2026-06-12T03:22:29.070849 | ID:174 | fall | 检测到人员摔倒 (分数: 0.00)
2026-06-12T03:22:34.544713 | WECOM | SUCCESS | - | 检测到人员摔倒 (分数: 0.67) 告警ID:175 | 企业微信消息发送成功
2026-06-12T03:22:34.306617 | ID:175 | fall | 检测到人员摔倒 (分数: 0.67)
2026-06-12T03:22:46.808719 | WECOM | SUCCESS | - | 检测到人员摔倒 (分数: 0.67) 告警ID:176 | 企业微信消息发送成功
2026-06-12T03:22:46.564407 | ID:176 | fall | 检测到人员摔倒 (分数: 0.67)
2026-06-12T03:23:00.080541 | WECOM | SUCCESS | - | 检测到人员摔倒 (分数: 0.67) 告警ID:177 | 企业微信消息发送成功
2026-06-12T03:22:59.832966 | ID:177 | fall | 检测到人员摔倒 (分数: 0.67)
2026-06-12T03:23:12.364820 | WECOM | SUCCESS | - | 检测到人员摔倒 (分数: 0.67) 告警ID:178 | 企业微信消息发送成功
2026-06-12T03:23:12.102743 | ID:178 | fall | 检测到人员摔倒 (分数: 0.67)
2026-06-12T03:23:26.663192 | WECOM | SUCCESS | - | 检测到人员摔倒 (分数: 0.67) 告警ID:179 | 企业微信消息发送成功
2026-06-12T03:23:26.419346 | ID:179 | fall | 检测到人员摔倒 (分数: 0.67)
2026-06-12T03:23:31.934524 | WECOM | SUCCESS | - | 检测到人员摔倒 (分数: 0.24) 告警ID:180 | 企业微信消息发送成功
2026-06-12T03:23:31.686775 | ID:180 | fall | 检测到人员摔倒 (分数: 0.24)
2026-06-12T03:23:37.179442 | WECOM | SUCCESS | - | 检测到人员摔倒 (分数: 0.00) 告警ID:181 | 企业微信消息发送成功
2026-06-12T03:23:36.943086 | ID:181 | fall | 检测到人员摔倒 (分数: 0.00)
2026-06-12T03:23:42.419111 | WECOM | SUCCESS | - | 检测到人员摔倒 (分数: 0.67) 告警ID:182 | 企业微信消息发送成功
2026-06-12T03:23:42.184393 | ID:182 | fall | 检测到人员摔倒 (分数: 0.67)
2026-06-12T03:23:54.676121 | WECOM | SUCCESS | - | 检测到人员摔倒 (分数: 0.67) 告警ID:183 | 企业微信消息发送成功
2026-06-12T03:23:54.435837 | ID:183 | fall | 检测到人员摔倒 (分数: 0.67)
2026-06-12T03:24:06.934220 | WECOM | SUCCESS | - | 检测到人员摔倒 (分数: 0.67) 告警ID:184 | 企业微信消息发送成功
2026-06-12T03:24:06.696590 | ID:184 | fall | 检测到人员摔倒 (分数: 0.67)
2026-06-12T03:24:19.193375 | WECOM | SUCCESS | - | 检测到人员摔倒 (分数: 0.67) 告警ID:185 | 企业微信消息发送成功
2026-06-12T03:24:18.948214 | ID:185 | fall | 检测到人员摔倒 (分数: 0.67)
2026-06-12T03:24:34.510359 | WECOM | SUCCESS | - | 检测到人员摔倒 (分数: 0.67) 告警ID:186 | 企业微信消息发送成功
2026-06-12T03:24:34.252688 | ID:186 | fall | 检测到人员摔倒 (分数: 0.67)
2026-06-12T03:24:39.743949 | WECOM | SUCCESS | - | 检测到人员摔倒 (分数: 0.24) 告警ID:187 | 企业微信消息发送成功
2026-06-12T03:24:39.514878 | ID:187 | fall | 检测到人员摔倒 (分数: 0.24)
2026-06-12T03:24:43.991064 | WECOM | SUCCESS | - | 检测到人员摔倒 (分数: 0.00) 告警ID:188 | 企业微信消息发送成功
2026-06-12T03:24:43.754521 | ID:188 | fall | 检测到人员摔倒 (分数: 0.00)
